<?xml version="1.0" encoding="UTF-8"?>
<testsuite xmlns:xsi="http://www.w3.org/2001/XMLSchema-instance" xsi:noNamespaceSchemaLocation="https://maven.apache.org/surefire/maven-surefire-plugin/xsd/surefire-test-report.xsd" version="3.0.2" name="no.ntnu.idatx2003.exam2025.laddersgamextreme.model.BoardModelTest" time="0.064" tests="4" errors="0" skipped="0" failures="0">
  <properties>
[...]
</properties>
  <testcase name="convertToTileNumberZigzag" classname="no.ntnu.idatx2003.exam2025.laddersgamextreme.model.BoardModelTest" time="0.044"/>
  <testcase name="convertToTileNumber" classname="no.ntnu.idatx2003.exam2025.laddersgamextreme.model.BoardModelTest" time="0.0"/>
  <testcase name="convertToRowCol" classname="no.ntnu.idatx2003.exam2025.laddersgamextreme.model.BoardModelTest" time="0.0"/>
  <testcase name="convertToRowColZigzag" classname="no.ntnu.idatx2003.exam2025.laddersgamextreme.model.BoardModelTest" time="0.0"/>
</testsuite>